2026-02-10 08:10:31.166 - [2026-02-10 08:10:31.165] AUDIT START: Action=USER_REGISTRATION, Description=Registering new user, Method=UserServiceImpl.registerUser(CreateUserRequest), Arguments=[com.shopjoy.dto.request.CreateUserRequest@3ba4a0b2]
2026-02-10 08:10:31.174 - [2026-02-10 08:10:31.174] AUDIT FAILURE: Action=USER_REGISTRATION, Method=UserServiceImpl.registerUser(CreateUserRequest), Exception=Validation failed for field 'password': must contain at least one uppercase letter
2026-02-10 08:10:42.505 - [2026-02-10 08:10:42.505] AUDIT START: Action=USER_REGISTRATION, Description=Registering new user, Method=UserServiceImpl.registerUser(CreateUserRequest), Arguments=[com.shopjoy.dto.request.CreateUserRequest@79ed966f]
2026-02-10 08:10:42.511 - [2026-02-10 08:10:42.511] AUDIT FAILURE: Action=USER_REGISTRATION, Method=UserServiceImpl.registerUser(CreateUserRequest), Exception=User already exists with username: 'jane_smith'
